<?xml version="1.0" encoding="UTF-8"?>
<testng-results ignored="0" total="1" passed="1" failed="0" skipped="0">
  <reporter-output>
  </reporter-output>
  <suite started-at="2023-10-30T21:44:21 IST" name="Default suite" finished-at="2023-10-30T21:44:27 IST" duration-ms="6620">
    <groups>
    </groups>
    <test started-at="2023-10-30T21:44:21 IST" name="Default test" finished-at="2023-10-30T21:44:27 IST" duration-ms="6620">
      <class name="com.DemoWebshop_Registration">
        <test-method is-config="true" signature="openBrowser()[pri:0, instance:com.DemoWebshop_Registration@3a44431a]" started-at="2023-10-30T21:44:20 IST" name="openBrowser" finished-at="2023-10-30T21:44:21 IST" duration-ms="1060" status="PASS">
          <reporter-output>
          </reporter-output>
        </test-method> <!-- openBrowser -->
        <test-method is-config="true" signature="OpenUrl()[pri:0, instance:com.DemoWebshop_Registration@3a44431a]" started-at="2023-10-30T21:44:21 IST" name="OpenUrl" finished-at="2023-10-30T21:44:24 IST" duration-ms="3752" status="PASS">
          <reporter-output>
          </reporter-output>
        </test-method> <!-- OpenUrl -->
        <test-method is-config="true" signature="maximizeBrowser()[pri:0, instance:com.DemoWebshop_Registration@3a44431a]" started-at="2023-10-30T21:44:24 IST" name="maximizeBrowser" finished-at="2023-10-30T21:44:25 IST" duration-ms="154" status="PASS">
          <reporter-output>
          </reporter-output>
        </test-method> <!-- maximizeBrowser -->
        <test-method is-config="true" signature="GetCookie()[pri:0, instance:com.DemoWebshop_Registration@3a44431a]" started-at="2023-10-30T21:44:25 IST" name="GetCookie" finished-at="2023-10-30T21:44:25 IST" duration-ms="37" status="PASS">
          <reporter-output>
          </reporter-output>
        </test-method> <!-- GetCookie -->
        <test-method signature="Registration()[pri:0, instance:com.DemoWebshop_Registration@3a44431a]" started-at="2023-10-30T21:44:25 IST" name="Registration" finished-at="2023-10-30T21:44:27 IST" duration-ms="2324" status="PASS">
          <reporter-output>
          </reporter-output>
        </test-method> <!-- Registration -->
        <test-method is-config="true" signature="takeScreenshot()[pri:0, instance:com.DemoWebshop_Registration@3a44431a]" started-at="2023-10-30T21:44:27 IST" name="takeScreenshot" finished-at="2023-10-30T21:44:27 IST" duration-ms="227" status="PASS">
          <reporter-output>
          </reporter-output>
        </test-method> <!-- takeScreenshot -->
        <test-method is-config="true" signature="deletCookie()[pri:0, instance:com.DemoWebshop_Registration@3a44431a]" started-at="2023-10-30T21:44:27 IST" name="deletCookie" finished-at="2023-10-30T21:44:27 IST" duration-ms="96" status="PASS">
          <reporter-output>
          </reporter-output>
        </test-method> <!-- deletCookie -->
        <test-method is-config="true" signature="dbclose()[pri:0, instance:com.DemoWebshop_Registration@3a44431a]" started-at="2023-10-30T21:44:27 IST" name="dbclose" finished-at="2023-10-30T21:44:27 IST" duration-ms="0" status="PASS">
          <reporter-output>
          </reporter-output>
        </test-method> <!-- dbclose -->
        <test-method is-config="true" signature="driverClose()[pri:0, instance:com.DemoWebshop_Registration@3a44431a]" started-at="2023-10-30T21:44:27 IST" name="driverClose" finished-at="2023-10-30T21:44:27 IST" duration-ms="109" status="PASS">
          <reporter-output>
          </reporter-output>
        </test-method> <!-- driverClose -->
      </class> <!-- com.DemoWebshop_Registration -->
    </test> <!-- Default test -->
  </suite> <!-- Default suite -->
</testng-results>
